app/build/intermediates/manifest_merge_blame_file/release/manifest-merger-blame-release-report.txt
1<?xml version="1.0" encoding="utf-8"?>
2<manifest xmlns:android="http://schemas.android.com/apk/res/android"
3    package="com.example.acme"
4    android:versionCode="1"
5    android:versionName="1.0" >
6
7    <uses-sdk
8        android:minSdkVersion="21"
8-->src/main/AndroidManifest.xml
9        android:targetSdkVersion="32" />
9-->src/main/AndroidManifest.xml
10
11    <uses-permission android:name="android.permission.ACCESS_FINE_LOCATION" />
11-->src/main/AndroidManifest.xml:6:5-79
11-->src/main/AndroidManifest.xml:6:22-76
12    <uses-permission android:name="android.permission.ACCESS_COARSE_LOCATION" />
12-->src/main/AndroidManifest.xml:7:5-81
12-->src/main/AndroidManifest.xml:7:22-78
13
14    <!-- Include required permissions for Google Maps API to run. -->
15    <uses-permission android:name="android.permission.ACCESS_NETWORK_STATE" />
15-->[com.google.android.gms:play-services-maps:18.1.0] AndroidManifest.xml:23:5-79
15-->[com.google.android.gms:play-services-maps:18.1.0] AndroidManifest.xml:23:22-76
16    <uses-permission android:name="android.permission.INTERNET" />
16-->[com.google.android.gms:play-services-maps:18.1.0] AndroidManifest.xml:24:5-67
16-->[com.google.android.gms:play-services-maps:18.1.0] AndroidManifest.xml:24:22-64
17
18    <uses-feature
18-->[com.google.android.gms:play-services-maps:18.1.0] AndroidManifest.xml:26:5-28:35
19        android:glEsVersion="0x00020000"
19-->[com.google.android.gms:play-services-maps:18.1.0] AndroidManifest.xml:27:9-41
20        android:required="true" />
20-->[com.google.android.gms:play-services-maps:18.1.0] AndroidManifest.xml:28:9-32
21
22    <queries>
22-->[com.google.android.gms:play-services-maps:18.1.0] AndroidManifest.xml:30:5-34:15
23
24        <!-- Needs to be explicitly declared on Android R+ -->
25        <package android:name="com.google.android.apps.maps" />
25-->[com.google.android.gms:play-services-maps:18.1.0] AndroidManifest.xml:33:9-64
25-->[com.google.android.gms:play-services-maps:18.1.0] AndroidManifest.xml:33:18-61
26    </queries>
27
28    <permission
28-->[androidx.core:core:1.9.0] AndroidManifest.xml:22:5-24:47
29        android:name="com.example.acme.DYNAMIC_RECEIVER_NOT_EXPORTED_PERMISSION"
29-->[androidx.core:core:1.9.0] AndroidManifest.xml:23:9-81
30        android:protectionLevel="signature" />
30-->[androidx.core:core:1.9.0] AndroidManifest.xml:24:9-44
31
32    <uses-permission android:name="com.example.acme.DYNAMIC_RECEIVER_NOT_EXPORTED_PERMISSION" />
32-->[androidx.core:core:1.9.0] AndroidManifest.xml:26:5-97
32-->[androidx.core:core:1.9.0] AndroidManifest.xml:26:22-94
33
34    <application
34-->src/main/AndroidManifest.xml:9:5-63:19
35        android:allowBackup="true"
35-->src/main/AndroidManifest.xml:10:9-35
36        android:appComponentFactory="androidx.core.app.CoreComponentFactory"
36-->[androidx.core:core:1.9.0] AndroidManifest.xml:28:18-86
37        android:dataExtractionRules="@xml/data_extraction_rules"
37-->src/main/AndroidManifest.xml:11:9-65
38        android:fullBackupContent="@xml/backup_rules"
38-->src/main/AndroidManifest.xml:12:9-54
39        android:icon="@mipmap/ic_launcher"
39-->src/main/AndroidManifest.xml:13:9-43
40        android:label="@string/app_name"
40-->src/main/AndroidManifest.xml:14:9-41
41        android:roundIcon="@mipmap/ic_launcher_round"
41-->src/main/AndroidManifest.xml:15:9-54
42        android:supportsRtl="true"
42-->src/main/AndroidManifest.xml:16:9-35
43        android:theme="@style/Theme.AppCompat.Light.NoActionBar" >
43-->src/main/AndroidManifest.xml:17:9-65
44        <activity
44-->src/main/AndroidManifest.xml:19:9-21:40
45            android:name="com.example.acme.activities.WorkTicketActivity"
45-->src/main/AndroidManifest.xml:20:13-58
46            android:exported="false" />
46-->src/main/AndroidManifest.xml:21:13-37
47        <activity
47-->src/main/AndroidManifest.xml:22:9-24:40
48            android:name="com.example.acme.activities.CalendarActivity"
48-->src/main/AndroidManifest.xml:23:13-56
49            android:exported="false" />
49-->src/main/AndroidManifest.xml:24:13-37
50
51        <!--
52             TODO: Before you run your application, you need a Google Maps API key.
53
54             To get one, follow the directions here:
55
56                https://developers.google.com/maps/documentation/android-sdk/get-api-key
57
58             Once you have your API key (it starts with "AIza"), define a new property in your
59             project's local.properties file (e.g. MAPS_API_KEY=Aiza...), and replace the
60             "YOUR_API_KEY" string in this file with "${MAPS_API_KEY}".
61        -->
62        <meta-data
62-->src/main/AndroidManifest.xml:37:9-39:55
63            android:name="com.google.android.geo.API_KEY"
63-->src/main/AndroidManifest.xml:38:13-58
64            android:value="@string/google_maps_key" />
64-->src/main/AndroidManifest.xml:39:13-52
65
66        <activity
66-->src/main/AndroidManifest.xml:41:9-44:66
67            android:name="com.example.acme.activities.GoogleMaps"
67-->src/main/AndroidManifest.xml:42:13-50
68            android:exported="false"
68-->src/main/AndroidManifest.xml:43:13-37
69            android:label="@string/title_activity_google_maps" />
69-->src/main/AndroidManifest.xml:44:13-63
70        <activity
70-->src/main/AndroidManifest.xml:45:9-47:40
71            android:name="com.example.acme.activities.UpdateServiceActivity"
71-->src/main/AndroidManifest.xml:46:13-61
72            android:exported="false" />
72-->src/main/AndroidManifest.xml:47:13-37
73        <activity
73-->src/main/AndroidManifest.xml:48:9-50:40
74            android:name="com.example.acme.activities.InsertServiceActivity"
74-->src/main/AndroidManifest.xml:49:13-61
75            android:exported="false" />
75-->src/main/AndroidManifest.xml:50:13-37
76        <activity
76-->src/main/AndroidManifest.xml:51:9-53:40
77            android:name="com.example.acme.activities.MainActivity"
77-->src/main/AndroidManifest.xml:52:13-52
78            android:exported="false" />
78-->src/main/AndroidManifest.xml:53:13-37
79        <activity
79-->src/main/AndroidManifest.xml:54:9-62:20
80            android:name="com.example.acme.activities.SignInActivity"
80-->src/main/AndroidManifest.xml:55:13-54
81            android:exported="true" >
81-->src/main/AndroidManifest.xml:56:13-36
82            <intent-filter>
82-->src/main/AndroidManifest.xml:57:13-61:29
83                <action android:name="android.intent.action.MAIN" />
83-->src/main/AndroidManifest.xml:58:17-69
83-->src/main/AndroidManifest.xml:58:25-66
84
85                <category android:name="android.intent.category.LAUNCHER" />
85-->src/main/AndroidManifest.xml:60:17-77
85-->src/main/AndroidManifest.xml:60:27-74
86            </intent-filter>
87        </activity>
88        <!-- Needs to be explicitly declared on P+ -->
89        <uses-library
89-->[com.google.android.gms:play-services-maps:18.1.0] AndroidManifest.xml:39:9-41:40
90            android:name="org.apache.http.legacy"
90-->[com.google.android.gms:play-services-maps:18.1.0] AndroidManifest.xml:40:13-50
91            android:required="false" />
91-->[com.google.android.gms:play-services-maps:18.1.0] AndroidManifest.xml:41:13-37
92
93        <activity
93-->[com.google.android.gms:play-services-base:18.0.1] AndroidManifest.xml:20:9-22:45
94            android:name="com.google.android.gms.common.api.GoogleApiActivity"
94-->[com.google.android.gms:play-services-base:18.0.1] AndroidManifest.xml:20:19-85
95            android:exported="false"
95-->[com.google.android.gms:play-services-base:18.0.1] AndroidManifest.xml:22:19-43
96            android:theme="@android:style/Theme.Translucent.NoTitleBar" />
96-->[com.google.android.gms:play-services-base:18.0.1] AndroidManifest.xml:21:19-78
97
98        <meta-data
98-->[com.google.android.gms:play-services-basement:18.0.0] AndroidManifest.xml:21:9-23:69
99            android:name="com.google.android.gms.version"
99-->[com.google.android.gms:play-services-basement:18.0.0] AndroidManifest.xml:22:13-58
100            android:value="@integer/google_play_services_version" />
100-->[com.google.android.gms:play-services-basement:18.0.0] AndroidManifest.xml:23:13-66
101
102        <provider
102-->[androidx.emoji2:emoji2:1.2.0] AndroidManifest.xml:24:9-32:20
103            android:name="androidx.startup.InitializationProvider"
103-->[androidx.emoji2:emoji2:1.2.0] AndroidManifest.xml:25:13-67
104            android:authorities="com.example.acme.androidx-startup"
104-->[androidx.emoji2:emoji2:1.2.0] AndroidManifest.xml:26:13-68
105            android:exported="false" >
105-->[androidx.emoji2:emoji2:1.2.0] AndroidManifest.xml:27:13-37
106            <meta-data
106-->[androidx.emoji2:emoji2:1.2.0] AndroidManifest.xml:29:13-31:52
107                android:name="androidx.emoji2.text.EmojiCompatInitializer"
107-->[androidx.emoji2:emoji2:1.2.0] AndroidManifest.xml:30:17-75
108                android:value="androidx.startup" />
108-->[androidx.emoji2:emoji2:1.2.0] AndroidManifest.xml:31:17-49
109            <meta-data
109-->[androidx.lifecycle:lifecycle-process:2.4.1] AndroidManifest.xml:31:13-33:52
110                android:name="androidx.lifecycle.ProcessLifecycleInitializer"
110-->[androidx.lifecycle:lifecycle-process:2.4.1] AndroidManifest.xml:32:17-78
111                android:value="androidx.startup" />
111-->[androidx.lifecycle:lifecycle-process:2.4.1] AndroidManifest.xml:33:17-49
112        </provider>
113
114        <service
114-->[androidx.room:room-runtime:2.4.3] AndroidManifest.xml:25:9-28:40
115            android:name="androidx.room.MultiInstanceInvalidationService"
115-->[androidx.room:room-runtime:2.4.3] AndroidManifest.xml:26:13-74
116            android:directBootAware="true"
116-->[androidx.room:room-runtime:2.4.3] AndroidManifest.xml:27:13-43
117            android:exported="false" />
117-->[androidx.room:room-runtime:2.4.3] AndroidManifest.xml:28:13-37
118    </application>
119
120</manifest>